{"contracts\\MyContract.sol":{"l":{"9":0,"13":0,"16":0},"path":"C:\\Users\\siric\\OneDrive - KASETSART UNIVERSITY\\Desktop\\ethereum\\checkin\\contracts\\MyContract.sol","s":{"1":0},"b":{},"f":{"1":0,"2":0,"3":0},"fnMap":{"1":{"name":"constructor","line":8,"loc":{"start":{"line":8,"column":3},"end":{"line":10,"column":3}}},"2":{"name":"changName","line":12,"loc":{"start":{"line":12,"column":4},"end":{"line":14,"column":3}}},"3":{"name":"getName","line":15,"loc":{"start":{"line":15,"column":4},"end":{"line":17,"column":3}}}},"statementMap":{"1":{"start":{"line":16,"column":5},"end":{"line":16,"column":16}}},"branchMap":{}}}